<?xml version="1.0" encoding="utf-8"?><testsuites name="pytest tests"><testsuite name="pytest" errors="0" failures="0" skipped="0" tests="41" time="2.652" timestamp="2026-08-15T16:38:41.107718-04:00" hostname="Pilot.lan"><testcase classname="tests.integration.test_cdc_integration_slice_001" name="test_early_termination[T-EARLY-01]" time="0.004" /><testcase classname="tests.integration.test_cdc_integration_slice_001" name="test_early_termination[T-EARLY-02]" time="0.003" /><testcase classname="tests.integration.test_cdc_integration_slice_001" name="test_early_termination[T-EARLY-03]" time="0.004" /><testcase classname="tests.integration.test_cdc_integration_slice_001" name="test_early_termination[T-EARLY-04]" time="0.003" /><testcase classname="tests.integration.test_cdc_integration_slice_001" name="test_early_termination[T-EARLY-05]" time="0.005" /><testcase classname="tests.integration.test_cdc_integration_slice_001" name="test_pos_01_currentness_current" time="0.136" /><testcase classname="tests.integration.test_cdc_integration_slice_001" name="test_pos_02_authority_proceed" time="0.001" /><testcase classname="tests.integration.test_cdc_integration_slice_001" name="test_pos_03_envelope_materialized" time="0.001" /><testcase classname="tests.integration.test_cdc_integration_slice_001" name="test_pos_04_separate_consumer_process" time="0.001" /><testcase classname="tests.integration.test_cdc_integration_slice_001" name="test_pos_05_consumer_revalidates" time="0.000" /><testcase classname="tests.integration.test_cdc_integration_slice_001" name="test_pos_06_reliance_issued" time="0.000" /><testcase classname="tests.integration.test_cdc_integration_slice_001" name="test_case_a_authority_deny" time="0.004" /><testcase classname="tests.integration.test_cdc_integration_slice_001" name="test_case_b_authority_escalate" time="0.005" /><testcase classname="tests.integration.test_cdc_integration_slice_001" name="test_case_c_tampered_envelope" time="0.123" /><testcase classname="tests.integration.test_cdc_integration_slice_001" name="test_case_d_wrong_artifact" time="0.125" /><testcase classname="tests.integration.test_cdc_integration_slice_001" name="test_case_e_wrong_scope" time="0.124" /><testcase classname="tests.integration.test_cdc_integration_slice_001" name="test_case_f_wrong_principal" time="0.125" /><testcase classname="tests.integration.test_cdc_integration_slice_001" name="test_case_g_expired_authority_decision" time="0.121" /><testcase classname="tests.integration.test_cdc_integration_slice_001" name="test_case_h_expired_envelope" time="0.124" /><testcase classname="tests.integration.test_cdc_integration_slice_001" name="test_case_i_direct_assertion" time="0.121" /><testcase classname="tests.integration.test_cdc_integration_slice_001" name="test_case_j_replayed_authorization" time="0.268" /><testcase classname="tests.integration.test_cdc_integration_slice_001" name="test_case_k_currentness_toctou" time="0.128" /><testcase classname="tests.integration.test_cdc_integration_slice_001" name="test_case_l_historical_reliance_preserved" time="0.260" /><testcase classname="tests.integration.test_cdc_integration_slice_001" name="test_case_m_currentness_basis_unreachable" time="0.121" /><testcase classname="tests.integration.test_cdc_integration_slice_001" name="test_case_n_competing_authority_basis" time="0.004" /><testcase classname="tests.integration.test_cdc_integration_slice_001" name="test_case_o_wrong_intended_consumer" time="0.135" /><testcase classname="tests.integration.test_cdc_integration_slice_001" name="test_case_p_authority_toctou" time="0.174" /><testcase classname="tests.integration.test_cdc_integration_slice_001" name="test_case_q_authority_basis_missing" time="0.004" /><testcase classname="tests.integration.test_cdc_integration_slice_001" name="test_case_r_authority_basis_invalid" time="0.004" /><testcase classname="tests.integration.test_cdc_integration_slice_001" name="test_case_s_admissibility_basis_revoked" time="0.003" /><testcase classname="tests.integration.test_cdc_integration_slice_001" name="test_dig_01_currentness_epoch_digest" time="0.001" /><testcase classname="tests.integration.test_cdc_integration_slice_001" name="test_dig_02_authority_basis_record_digest" time="0.001" /><testcase classname="tests.integration.test_cdc_integration_slice_001" name="test_dig_03_authority_decision_digest" time="0.004" /><testcase classname="tests.integration.test_cdc_integration_slice_001" name="test_dig_04_envelope_digest" time="0.125" /><testcase classname="tests.integration.test_cdc_integration_slice_001" name="test_dig_05_consumer_validation_digest" time="0.142" /><testcase classname="tests.integration.test_cdc_integration_slice_001" name="test_dig_06_reliance_record_digest" time="0.132" /><testcase classname="tests.integration.test_cdc_integration_slice_001" name="test_dig_07_integration_package_digest" time="0.000" /><testcase classname="tests.integration.test_cdc_integration_slice_001" name="test_dig_08_synthetic_profile_digest" time="0.000" /><testcase classname="tests.integration.test_cdc_integration_slice_001" name="test_epoch_a_future_successor_excluded" time="0.006" /><testcase classname="tests.integration.test_cdc_integration_slice_001" name="test_epoch_b_boundary_crossing_moves_epoch" time="0.003" /><testcase classname="tests.integration.test_cdc_integration_slice_001" name="test_epoch_c_unrelated_output_control" time="0.005" /></testsuite></testsuites>